<?xml version="1.0" encoding="UTF-8"?>
<!-- Generated by org.testng.reporters.JUnitReportReporter -->
<testsuite skipped="0" hostname="DESKTOP-536L0VO" name="Mailling.GM1" tests="1" failures="0" timestamp="21 Dec 2018 15:42:53 GMT" time="14.195" errors="0">
  <testcase name="gm" time="14.195" classname="Mailling.GM1"/>
</testsuite> <!-- Mailling.GM1 -->
