<?xml version="1.0" encoding="UTF-8"?>
<!-- Generated by org.testng.reporters.JUnitReportReporter -->
<testsuite skipped="0" hostname="DESKTOP-536L0VO" name="Mailling.GM1" tests="1" failures="0" timestamp="26 Dec 2018 03:53:44 GMT" time="13.602" errors="0">
  <testcase name="gm" time="13.602" classname="Mailling.GM1"/>
</testsuite> <!-- Mailling.GM1 -->
