<?xml version="1.0" encoding="UTF-8"?>
<!-- Generated by org.testng.reporters.JUnitReportReporter -->
<testsuite skipped="0" hostname="DESKTOP-536L0VO" name="Socialmedia.FB1" tests="1" failures="0" timestamp="21 Dec 2018 15:43:24 GMT" time="14.969" errors="0">
  <testcase name="face" time="14.969" classname="Socialmedia.FB1"/>
</testsuite> <!-- Socialmedia.FB1 -->
