<?xml version="1.0" encoding="UTF-8"?>
<!-- Generated by org.testng.reporters.JUnitReportReporter -->
<testsuite skipped="0" hostname="DESKTOP-536L0VO" name="Mavenintergation.gitjenkins.AppTest" tests="1" failures="0" timestamp="26 Dec 2018 08:06:16 GMT" time="0.007" errors="0">
  <testcase name="testApp" time="0.007" classname="Mavenintergation.gitjenkins.AppTest"/>
</testsuite> <!-- Mavenintergation.gitjenkins.AppTest -->
